# JRE version: Java(TM) SE Runtime Environment (7.0_51-b13) (build 1.7.0_51-b13)
# Java VM: Java HotSpot(TM) 64-Bit Server VM (24.51-b03 mixed mode windows-amd64 compressed oops)
Heap
 PSYoungGen      total 140288K, used 17152K [0x00000007d6000000, 0x00000007df800000, 0x0000000800000000)
  eden space 129536K, 5% used [0x00000007d6000000,0x00000007d6657fb8,0x00000007dde80000)
  from space 10752K, 99% used [0x00000007dea80000,0x00000007df4e8070,0x00000007df500000)
  to   space 12288K, 0% used [0x00000007dde80000,0x00000007dde80000,0x00000007dea80000)
 ParOldGen       total 86016K, used 8310K [0x0000000782000000, 0x0000000787400000, 0x00000007d6000000)
  object space 86016K, 9% used [0x0000000782000000,0x000000078281dba8,0x0000000787400000)
 PSPermGen       total 32256K, used 32141K [0x000000077ce00000, 0x000000077ed80000, 0x0000000782000000)
  object space 32256K, 99% used [0x000000077ce00000,0x000000077ed63478,0x000000077ed80000)
GC Heap History (10 events):
Event: 2.671 GC heap before
{Heap before GC invocations=2 (full 0):
 PSYoungGen      total 37888K, used 37872K [0x00000007d6000000, 0x00000007d8a00000, 0x0000000800000000)
  eden space 32768K, 100% used [0x00000007d6000000,0x00000007d8000000,0x00000007d8000000)
  from space 5120K, 99% used [0x00000007d8000000,0x00000007d84fc3f0,0x00000007d8500000)
  to   space 5120K, 0% used [0x00000007d8500000,0x00000007d8500000,0x00000007d8a00000)
 ParOldGen       total 86016K, used 124K [0x0000000782000000, 0x0000000787400000, 0x00000007d6000000)
  object space 86016K, 0% used [0x0000000782000000,0x000000078201f0b8,0x0000000787400000)
 PSPermGen       total 21504K, used 13657K [0x000000077ce00000, 0x000000077e300000, 0x0000000782000000)
  object space 21504K, 63% used [0x000000077ce00000,0x000000077db567f8,0x000000077e300000)
Event: 2.681 GC heap after
Heap after GC invocations=2 (full 0):
 PSYoungGen      total 37888K, used 5095K [0x00000007d6000000, 0x00000007d8a00000, 0x0000000800000000)
  eden space 32768K, 0% used [0x00000007d6000000,0x00000007d6000000,0x00000007d8000000)
  from space 5120K, 99% used [0x00000007d8500000,0x00000007d89f9ce8,0x00000007d8a00000)
  to   space 5120K, 0% used [0x00000007d8000000,0x00000007d8000000,0x00000007d8500000)
 ParOldGen       total 86016K, used 289K [0x0000000782000000, 0x0000000787400000, 0x00000007d6000000)
  object space 86016K, 0% used [0x0000000782000000,0x0000000782048680,0x0000000787400000)
 PSPermGen       total 21504K, used 13657K [0x000000077ce00000, 0x000000077e300000, 0x0000000782000000)
  object space 21504K, 63% used [0x000000077ce00000,0x000000077db567f8,0x000000077e300000)
}
Event: 3.187 GC heap before
{Heap before GC invocations=3 (full 0):
 PSYoungGen      total 37888K, used 37863K [0x00000007d6000000, 0x00000007d8a00000, 0x0000000800000000)
  eden space 32768K, 100% used [0x00000007d6000000,0x00000007d8000000,0x00000007d8000000)
  from space 5120K, 99% used [0x00000007d8500000,0x00000007d89f9ce8,0x00000007d8a00000)
  to   space 5120K, 0% used [0x00000007d8000000,0x00000007d8000000,0x00000007d8500000)
 ParOldGen       total 86016K, used 289K [0x0000000782000000, 0x0000000787400000, 0x00000007d6000000)
  object space 86016K, 0% used [0x0000000782000000,0x0000000782048680,0x0000000787400000)
 PSPermGen       total 21504K, used 16723K [0x000000077ce00000, 0x000000077e300000, 0x0000000782000000)
  object space 21504K, 77% used [0x000000077ce00000,0x000000077de54d10,0x000000077e300000)
Event: 3.198 GC heap after
Heap after GC invocations=3 (full 0):
 PSYoungGen      total 37888K, used 4892K [0x00000007d6000000, 0x00000007daa00000, 0x0000000800000000)
  eden space 32768K, 0% used [0x00000007d6000000,0x00000007d6000000,0x00000007d8000000)
  from space 5120K, 95% used [0x00000007d8000000,0x00000007d84c7338,0x00000007d8500000)
  to   space 5120K, 0% used [0x00000007da500000,0x00000007da500000,0x00000007daa00000)
 ParOldGen       total 86016K, used 297K [0x0000000782000000, 0x0000000787400000, 0x00000007d6000000)
  object space 86016K, 0% used [0x0000000782000000,0x000000078204a680,0x0000000787400000)
 PSPermGen       total 21504K, used 16723K [0x000000077ce00000, 0x000000077e300000, 0x0000000782000000)
  object space 21504K, 77% used [0x000000077ce00000,0x000000077de54d10,0x000000077e300000)
}
Event: 3.959 GC heap before
{Heap before GC invocations=4 (full 0):
 PSYoungGen      total 37888K, used 37660K [0x00000007d6000000, 0x00000007daa00000, 0x0000000800000000)
  eden space 32768K, 100% used [0x00000007d6000000,0x00000007d8000000,0x00000007d8000000)
  from space 5120K, 95% used [0x00000007d8000000,0x00000007d84c7338,0x00000007d8500000)
  to   space 5120K, 0% used [0x00000007da500000,0x00000007da500000,0x00000007daa00000)
 ParOldGen       total 86016K, used 297K [0x0000000782000000, 0x0000000787400000, 0x00000007d6000000)
  object space 86016K, 0% used [0x0000000782000000,0x000000078204a680,0x0000000787400000)
 PSPermGen       total 21504K, used 19630K [0x000000077ce00000, 0x000000077e300000, 0x0000000782000000)
  object space 21504K, 91% used [0x000000077ce00000,0x000000077e12bb80,0x000000077e300000)
Event: 3.973 GC heap after
Heap after GC invocations=4 (full 0):
 PSYoungGen      total 70656K, used 5092K [0x00000007d6000000, 0x00000007daa00000, 0x0000000800000000)
  eden space 65536K, 0% used [0x00000007d6000000,0x00000007d6000000,0x00000007da000000)
  from space 5120K, 99% used [0x00000007da500000,0x00000007da9f9230,0x00000007daa00000)
  to   space 5120K, 0% used [0x00000007da000000,0x00000007da000000,0x00000007da500000)
 ParOldGen       total 86016K, used 1583K [0x0000000782000000, 0x0000000787400000, 0x00000007d6000000)
  object space 86016K, 1% used [0x0000000782000000,0x000000078218bcb0,0x0000000787400000)
 PSPermGen       total 21504K, used 19630K [0x000000077ce00000, 0x000000077e300000, 0x0000000782000000)
  object space 21504K, 91% used [0x000000077ce00000,0x000000077e12bb80,0x000000077e300000)
}
Event: 5.433 GC heap before
{Heap before GC invocations=5 (full 0):
 PSYoungGen      total 70656K, used 70628K [0x00000007d6000000, 0x00000007daa00000, 0x0000000800000000)
  eden space 65536K, 100% used [0x00000007d6000000,0x00000007da000000,0x00000007da000000)
  from space 5120K, 99% used [0x00000007da500000,0x00000007da9f9230,0x00000007daa00000)
  to   space 5120K, 0% used [0x00000007da000000,0x00000007da000000,0x00000007da500000)
 ParOldGen       total 86016K, used 1583K [0x0000000782000000, 0x0000000787400000, 0x00000007d6000000)
  object space 86016K, 1% used [0x0000000782000000,0x000000078218bcb0,0x0000000787400000)
 PSPermGen       total 27648K, used 27250K [0x000000077ce00000, 0x000000077e900000, 0x0000000782000000)
  object space 27648K, 98% used [0x000000077ce00000,0x000000077e89c818,0x000000077e900000)
Event: 5.452 GC heap after
Heap after GC invocations=5 (full 0):
 PSYoungGen      total 70656K, used 5107K [0x00000007d6000000, 0x00000007df500000, 0x0000000800000000)
  eden space 65536K, 0% used [0x00000007d6000000,0x00000007d6000000,0x00000007da000000)
  from space 5120K, 99% used [0x00000007da000000,0x00000007da4fcf20,0x00000007da500000)
  to   space 10752K, 0% used [0x00000007dea80000,0x00000007dea80000,0x00000007df500000)
 ParOldGen       total 86016K, used 8302K [0x0000000782000000, 0x0000000787400000, 0x00000007d6000000)
  object space 86016K, 9% used [0x0000000782000000,0x000000078281bba8,0x0000000787400000)
 PSPermGen       total 27648K, used 27250K [0x000000077ce00000, 0x000000077e900000, 0x0000000782000000)
  object space 27648K, 98% used [0x000000077ce00000,0x000000077e89c818,0x000000077e900000)
}
Event: 6.968 GC heap before
{Heap before GC invocations=6 (full 0):
 PSYoungGen      total 70656K, used 70643K [0x00000007d6000000, 0x00000007df500000, 0x0000000800000000)
  eden space 65536K, 100% used [0x00000007d6000000,0x00000007da000000,0x00000007da000000)
  from space 5120K, 99% used [0x00000007da000000,0x00000007da4fcf20,0x00000007da500000)
  to   space 10752K, 0% used [0x00000007dea80000,0x00000007dea80000,0x00000007df500000)
 ParOldGen       total 86016K, used 8302K [0x0000000782000000, 0x0000000787400000, 0x00000007d6000000)
  object space 86016K, 9% used [0x0000000782000000,0x000000078281bba8,0x0000000787400000)
 PSPermGen       total 32256K, used 32056K [0x000000077ce00000, 0x000000077ed80000, 0x0000000782000000)
  object space 32256K, 99% used [0x000000077ce00000,0x000000077ed4e0b8,0x000000077ed80000)
Event: 6.993 GC heap after
Heap after GC invocations=6 (full 0):
 PSYoungGen      total 140288K, used 10656K [0x00000007d6000000, 0x00000007df800000, 0x0000000800000000)
  eden space 129536K, 0% used [0x00000007d6000000,0x00000007d6000000,0x00000007dde80000)
  from space 10752K, 99% used [0x00000007dea80000,0x00000007df4e8070,0x00000007df500000)
  to   space 12288K, 0% used [0x00000007dde80000,0x00000007dde80000,0x00000007dea80000)
 ParOldGen       total 86016K, used 8310K [0x0000000782000000, 0x0000000787400000, 0x00000007d6000000)
  object space 86016K, 9% used [0x0000000782000000,0x000000078281dba8,0x0000000787400000)
 PSPermGen       total 32256K, used 32056K [0x000000077ce00000, 0x000000077ed80000, 0x0000000782000000)
  object space 32256K, 99% used [0x000000077ce00000,0x000000077ed4e0b8,0x000000077ed80000)
}

